SF:lib\common\exception.dart
DA:8,4
LF:1
LH:1
end_of_record
SF:lib\data\datasources\movie_local_data_source.dart
DA:15,1
DA:17,1
DA:20,2
DA:23,2
DA:27,1
DA:30,2
DA:33,2
DA:37,1
DA:39,2
DA:41,1
DA:47,1
DA:49,2
DA:50,4
LF:13
LH:13
end_of_record
SF:lib\data\models\genre_model.dart
DA:5,51
DA:13,6
DA:14,3
DA:15,3
DA:18,0
DA:19,0
DA:20,0
DA:23,3
DA:24,9
DA:27,3
DA:28,9
LF:11
LH:8
end_of_record
SF:lib\data\models\movie_table.dart
DA:6,49
DA:11,2
DA:15,2
DA:16,1
DA:17,1
DA:18,1
DA:19,1
DA:22,2
DA:23,1
DA:24,1
DA:25,1
DA:26,1
DA:29,2
DA:30,1
DA:31,1
DA:32,1
DA:33,1
LF:17
LH:17
end_of_record
SF:lib\data\models\tv_series\tv_series_detail_model.dart
DA:13,3
DA:40,2
DA:41,2
DA:43,2
DA:45,2
DA:46,2
DA:47,2
DA:48,2
DA:49,2
DA:50,2
DA:51,2
DA:52,2
DA:53,2
DA:54,2
DA:55,2
DA:56,2
DA:57,2
DA:58,2
DA:59,2
DA:60,2
DA:61,2
DA:62,2
DA:63,2
DA:64,2
DA:65,2
DA:66,2
DA:67,2
DA:71,2
DA:72,2
DA:73,2
DA:74,2
DA:75,2
DA:76,10
DA:77,2
DA:78,2
DA:79,2
DA:80,2
DA:81,2
DA:82,2
DA:83,2
DA:84,2
DA:85,2
DA:86,2
DA:87,2
DA:88,2
DA:89,10
DA:90,2
DA:91,2
DA:92,2
DA:93,2
DA:94,2
LF:51
LH:51
end_of_record
SF:lib\data\models\tv_series\tv_series_detail_model.g.dart
DA:9,2
DA:11,2
DA:12,2
DA:13,2
DA:14,2
DA:16,4
DA:17,2
DA:18,6
DA:19,2
DA:20,2
DA:21,4
DA:22,2
DA:23,2
DA:25,4
DA:26,2
DA:27,4
DA:28,4
DA:29,2
DA:30,2
DA:31,2
DA:32,4
DA:33,2
DA:34,2
DA:35,6
DA:36,2
DA:37,2
DA:38,2
DA:39,2
DA:40,4
DA:41,4
DA:44,0
DA:46,0
DA:47,0
DA:48,0
DA:49,0
DA:50,0
DA:51,0
DA:52,0
DA:53,0
DA:54,0
DA:55,0
DA:56,0
DA:57,0
DA:58,0
DA:59,0
DA:60,0
DA:61,0
DA:62,0
DA:63,0
DA:64,0
DA:65,0
DA:66,0
DA:67,0
DA:68,0
LF:54
LH:30
end_of_record
SF:lib\data\models\tv_series\tv_series_model.dart
DA:11,4
DA:31,2
DA:32,2
DA:34,2
DA:35,2
DA:36,2
DA:37,2
DA:38,2
DA:39,2
DA:40,2
DA:41,2
DA:42,2
DA:43,2
DA:44,2
DA:45,2
DA:46,2
DA:47,2
DA:48,2
DA:49,2
DA:50,2
DA:56,2
DA:57,2
DA:61,2
LF:23
LH:23
end_of_record
SF:lib\data\models\tv_series\tv_series_model.g.dart
DA:9,2
DA:10,2
DA:11,2
DA:12,2
DA:13,2
DA:14,6
DA:15,2
DA:16,4
DA:17,2
DA:18,4
DA:19,2
DA:20,2
DA:21,2
DA:22,2
DA:23,2
DA:24,2
DA:26,2
DA:29,4
DA:31,2
DA:32,2
DA:33,4
DA:34,2
DA:37,0
DA:38,0
DA:39,0
DA:40,0
DA:41,0
DA:42,0
DA:43,0
DA:44,0
DA:45,0
DA:46,0
DA:47,0
DA:48,0
DA:49,0
DA:50,0
DA:51,0
DA:52,0
DA:53,0
LF:39
LH:22
end_of_record
SF:lib\data\models\tv_series\tv_series_season_model.dart
DA:11,3
DA:24,2
DA:25,2
DA:27,2
DA:29,2
DA:30,2
DA:31,2
DA:32,2
DA:33,2
DA:34,2
DA:35,2
DA:36,2
DA:37,2
DA:41,2
DA:42,2
DA:43,2
DA:44,2
DA:45,2
DA:46,2
DA:47,2
DA:48,2
DA:49,2
DA:50,2
LF:23
LH:23
end_of_record
SF:lib\data\models\tv_series\tv_series_season_model.g.dart
DA:9,2
DA:11,2
DA:12,2
DA:14,4
DA:15,4
DA:16,4
DA:17,2
DA:18,2
DA:19,2
DA:20,4
DA:21,4
DA:24,0
DA:26,0
DA:27,0
DA:28,0
DA:29,0
DA:30,0
DA:31,0
DA:32,0
DA:33,0
DA:34,0
LF:21
LH:11
end_of_record
SF:lib\data\models\tv_series\tv_series_table.dart
DA:6,48
DA:11,1
DA:14,2
DA:15,1
DA:16,1
DA:17,1
DA:18,1
DA:21,2
DA:22,1
DA:23,1
DA:24,1
DA:25,1
DA:28,2
DA:29,1
DA:30,1
DA:31,1
DA:32,1
LF:17
LH:17
end_of_record
SF:lib\domain\entities\genre.dart
DA:4,50
DA:12,5
DA:13,15
LF:3
LH:3
end_of_record
SF:lib\domain\entities\movie.dart
DA:4,59
DA:20,48
DA:50,10
DA:51,10
DA:52,10
DA:53,10
DA:54,10
DA:55,10
DA:56,10
DA:57,10
DA:58,10
DA:59,10
DA:60,10
DA:61,10
DA:62,10
DA:63,10
DA:64,10
LF:17
LH:17
end_of_record
SF:lib\domain\entities\movie_detail.dart
DA:5,48
DA:33,2
DA:34,2
DA:35,2
DA:36,2
DA:37,2
DA:38,2
DA:39,2
DA:40,2
DA:41,2
DA:42,2
DA:43,2
DA:44,2
DA:45,2
LF:14
LH:14
end_of_record
SF:lib\domain\entities\tv_series.dart
DA:8,24
DA:28,8
DA:45,8
DA:64,2
DA:70,2
DA:78,11
DA:80,11
DA:81,11
DA:82,11
DA:83,11
DA:84,11
DA:85,11
DA:86,11
DA:87,11
DA:88,11
DA:89,11
DA:90,11
DA:91,11
DA:92,11
DA:93,11
DA:94,11
DA:95,11
LF:22
LH:22
end_of_record
SF:lib\domain\entities\tv_series_detail.dart
DA:11,13
DA:38,0
DA:62,0
DA:88,3
DA:90,3
DA:91,3
DA:92,3
DA:93,3
DA:94,3
DA:95,3
DA:96,3
DA:97,3
DA:98,3
DA:99,3
DA:100,3
DA:101,3
DA:102,3
DA:103,3
DA:104,3
DA:105,3
DA:106,3
DA:107,3
DA:108,3
DA:109,3
DA:110,3
DA:111,3
DA:112,3
LF:27
LH:25
end_of_record
SF:lib\domain\entities\tv_series_season.dart
DA:8,13
DA:21,3
DA:23,3
DA:24,3
DA:25,3
DA:26,3
DA:27,3
DA:28,3
DA:29,3
DA:30,3
DA:31,3
LF:11
LH:11
end_of_record
SF:lib\common\failure.dart
DA:6,29
DA:8,2
DA:9,4
DA:13,21
DA:17,4
DA:21,10
LF:6
LH:6
end_of_record
SF:lib\data\datasources\db\database_helper.dart
DA:9,0
DA:13,0
DA:17,0
DA:18,0
DA:24,0
DA:25,0
DA:26,0
DA:28,0
DA:32,0
DA:33,0
DA:44,0
DA:45,0
DA:46,0
DA:49,0
DA:50,0
DA:51,0
DA:54,0
DA:58,0
DA:59,0
DA:60,0
DA:63,0
DA:66,0
DA:67,0
DA:73,0
DA:76,0
DA:77,0
DA:80,0
LF:27
LH:0
end_of_record
SF:lib\data\datasources\movie_remote_data_source.dart
DA:29,1
DA:31,1
DA:34,3
DA:36,2
DA:37,4
DA:39,1
DA:43,1
DA:46,4
DA:48,2
DA:49,3
DA:51,1
DA:55,1
DA:57,1
DA:58,3
DA:60,2
DA:61,4
DA:63,1
DA:67,1
DA:70,3
DA:72,2
DA:73,4
DA:75,1
DA:79,1
DA:82,3
DA:84,2
DA:85,4
DA:87,1
DA:91,1
DA:93,1
DA:94,3
DA:96,2
DA:97,4
DA:99,1
LF:33
LH:33
end_of_record
SF:lib\data\datasources\tv_series_local_data_source.dart
DA:24,1
DA:26,1
DA:28,2
DA:31,4
DA:34,1
DA:37,3
DA:40,1
DA:46,1
DA:49,2
DA:50,2
DA:53,2
DA:57,1
DA:60,2
DA:61,2
DA:64,2
LF:15
LH:15
end_of_record
SF:lib\data\datasources\tv_series_remote_data_source.dart
DA:35,1
DA:40,2
DA:45,1
DA:47,4
DA:48,2
DA:50,1
DA:53,4
DA:56,1
DA:57,2
DA:58,1
DA:59,0
DA:63,1
DA:66,1
DA:70,1
DA:72,4
DA:73,2
DA:75,1
DA:78,4
DA:81,1
DA:82,2
DA:83,1
DA:84,0
DA:88,1
DA:91,1
DA:95,1
DA:97,4
DA:98,2
DA:100,1
DA:103,4
DA:106,1
DA:107,2
DA:108,1
DA:109,0
DA:113,1
DA:116,1
DA:120,1
DA:123,1
DA:124,4
DA:125,2
DA:127,1
DA:130,4
DA:133,1
DA:134,2
DA:139,1
DA:142,1
DA:146,1
DA:149,1
DA:150,4
DA:151,2
DA:153,1
DA:156,4
DA:159,1
DA:160,2
DA:161,1
DA:162,0
DA:166,1
DA:169,1
DA:173,1
DA:176,1
DA:177,4
DA:179,2
DA:181,1
DA:186,4
DA:189,1
DA:190,2
DA:191,1
DA:192,0
DA:196,1
DA:199,1
LF:69
LH:64
end_of_record
SF:lib\data\models\movie_detail_model.dart
DA:6,2
DA:52,1
DA:53,1
DA:54,1
DA:55,1
DA:56,1
DA:57,1
DA:58,4
DA:59,1
DA:60,1
DA:61,1
DA:62,1
DA:63,1
DA:64,1
DA:65,2
DA:66,1
DA:67,1
DA:68,1
DA:69,1
DA:70,1
DA:71,1
DA:72,1
DA:73,1
DA:74,2
DA:75,1
DA:78,0
DA:79,0
DA:80,0
DA:81,0
DA:82,0
DA:83,0
DA:84,0
DA:85,0
DA:86,0
DA:87,0
DA:88,0
DA:89,0
DA:90,0
DA:91,0
DA:92,0
DA:93,0
DA:94,0
DA:95,0
DA:96,0
DA:97,0
DA:98,0
DA:99,0
DA:102,1
DA:103,1
DA:104,1
DA:105,1
DA:106,5
DA:107,1
DA:108,1
DA:109,1
DA:110,1
DA:111,1
DA:112,1
DA:113,1
DA:114,1
DA:115,1
DA:119,1
DA:121,1
DA:122,1
DA:123,1
DA:124,1
DA:125,1
DA:126,1
DA:127,1
DA:128,1
DA:129,1
DA:130,1
DA:131,1
DA:132,1
DA:133,1
DA:134,1
DA:135,1
DA:136,1
DA:137,1
DA:138,1
DA:139,1
DA:140,1
DA:141,1
DA:142,1
LF:84
LH:62
end_of_record
SF:lib\data\models\movie_model.dart
DA:5,5
DA:35,4
DA:36,2
DA:37,2
DA:38,8
DA:39,2
DA:40,2
DA:41,2
DA:42,4
DA:43,2
DA:44,2
DA:45,2
DA:46,2
DA:47,4
DA:48,2
DA:51,2
DA:52,1
DA:53,1
DA:54,4
DA:55,1
DA:56,1
DA:57,1
DA:58,1
DA:59,1
DA:60,1
DA:61,1
DA:62,1
DA:63,1
DA:64,1
DA:67,2
DA:68,2
DA:69,2
DA:70,2
DA:71,2
DA:72,2
DA:73,2
DA:74,2
DA:75,2
DA:76,2
DA:77,2
DA:78,2
DA:79,2
DA:80,2
DA:81,2
DA:85,2
DA:86,2
DA:87,2
DA:88,2
DA:89,2
DA:90,2
DA:91,2
DA:92,2
DA:93,2
DA:94,2
DA:95,2
DA:96,2
DA:97,2
DA:98,2
DA:99,2
LF:59
LH:59
end_of_record
SF:lib\data\models\watchlist_table.dart
DA:10,50
DA:18,0
DA:19,0
DA:20,0
DA:21,0
DA:22,0
DA:23,0
DA:26,3
DA:27,3
DA:28,3
DA:29,3
DA:30,3
DA:31,3
DA:32,3
LF:14
LH:8
end_of_record
SF:lib\domain\usecases\get_tv_series_detail.dart
DA:12,1
DA:14,1
DA:15,2
DA:22,4
DA:24,1
DA:26,2
LF:6
LH:6
end_of_record
SF:lib\domain\usecases\get_tv_series_detail_recommendtaions.dart
DA:11,1
DA:13,1
DA:14,2
DA:21,4
DA:23,1
DA:25,2
LF:6
LH:6
end_of_record
SF:lib\domain\usecases\get_tv_series_searched.dart
DA:11,1
DA:13,1
DA:14,2
DA:21,4
DA:23,1
DA:25,2
LF:6
LH:6
end_of_record
SF:lib\domain\usecases\get_watchlist_tv_series_status.dart
DA:9,1
DA:11,1
DA:12,2
DA:19,4
DA:21,1
DA:22,2
LF:6
LH:6
end_of_record
SF:lib\domain\usecases\remove_watchlist_tv_series.dart
DA:11,1
DA:13,1
DA:15,2
DA:22,4
DA:24,2
DA:25,2
DA:26,2
LF:7
LH:7
end_of_record
SF:lib\domain\usecases\save_watchlist_tv_series.dart
DA:11,1
DA:13,1
DA:14,2
DA:21,4
DA:23,2
DA:25,2
DA:26,2
LF:7
LH:7
end_of_record
SF:lib\data\models\movie_response.dart
DA:7,3
DA:9,4
DA:10,4
DA:11,6
DA:12,6
DA:15,2
DA:16,5
DA:19,1
DA:20,2
LF:9
LH:9
end_of_record
SF:lib\data\models\tv_series\tv_series_response_model.dart
DA:16,2
DA:17,2
LF:2
LH:2
end_of_record
SF:lib\data\models\tv_series\tv_series_response_model.g.dart
DA:9,2
DA:11,2
DA:12,4
DA:13,2
DA:14,6
DA:15,2
DA:16,4
DA:17,4
DA:20,0
DA:22,0
DA:23,0
DA:24,0
DA:25,0
DA:26,0
LF:14
LH:8
end_of_record
SF:lib\common\constants.dart
DA:16,4
DA:17,2
DA:18,27
DA:20,0
DA:22,0
DA:26,0
DA:27,0
DA:28,0
DA:29,0
DA:30,0
LF:10
LH:3
end_of_record
SF:lib\data\repositories\movie_repository_impl.dart
DA:17,1
DA:22,1
DA:25,2
DA:26,5
DA:27,1
DA:29,1
DA:34,1
DA:37,2
DA:38,2
DA:39,1
DA:41,1
DA:46,1
DA:49,2
DA:50,3
DA:51,1
DA:53,1
DA:58,1
DA:61,2
DA:62,5
DA:63,1
DA:65,1
DA:70,1
DA:73,2
DA:74,5
DA:75,1
DA:77,1
DA:82,1
DA:85,2
DA:86,5
DA:87,1
DA:89,1
DA:94,1
DA:98,3
DA:99,1
DA:100,1
DA:101,3
DA:107,1
DA:111,3
DA:112,1
DA:113,1
DA:114,3
DA:118,1
DA:120,2
DA:124,1
DA:126,2
DA:127,5
LF:46
LH:46
end_of_record
SF:lib\data\repositories\tv_series_repository_impl.dart
DA:25,1
DA:30,1
DA:34,2
DA:36,4
DA:38,1
DA:39,1
DA:41,1
DA:46,1
DA:50,2
DA:52,4
DA:54,1
DA:55,1
DA:57,1
DA:62,1
DA:66,2
DA:68,4
DA:70,1
DA:71,1
DA:73,1
DA:78,1
DA:83,2
DA:84,1
DA:86,1
DA:87,1
DA:89,1
DA:94,1
DA:99,2
DA:101,4
DA:103,1
DA:104,1
DA:106,1
DA:111,1
DA:116,2
DA:118,4
DA:120,1
DA:121,1
DA:123,1
DA:128,1
DA:132,2
DA:134,1
DA:135,1
DA:136,3
DA:142,1
DA:146,2
DA:148,1
DA:149,1
DA:150,3
DA:154,1
DA:157,2
DA:161,1
DA:163,2
DA:164,5
LF:52
LH:52
end_of_record
SF:lib\domain\usecases\get_movie_detail.dart
DA:9,1
DA:11,1
DA:12,2
LF:3
LH:3
end_of_record
SF:lib\domain\usecases\get_movie_recommendations.dart
DA:9,1
DA:11,1
DA:12,2
LF:3
LH:3
end_of_record
SF:lib\domain\usecases\get_now_playing_movies.dart
DA:9,1
DA:11,1
DA:12,2
LF:3
LH:3
end_of_record
SF:lib\domain\usecases\get_popular_movies.dart
DA:9,1
DA:11,1
DA:12,2
LF:3
LH:3
end_of_record
SF:lib\domain\usecases\get_top_rated_movies.dart
DA:9,1
DA:11,1
DA:12,2
LF:3
LH:3
end_of_record
SF:lib\domain\usecases\get_tv_series_airing_today.dart
DA:9,1
DA:13,1
DA:14,2
LF:3
LH:3
end_of_record
SF:lib\domain\usecases\get_tv_series_popular.dart
DA:11,1
DA:15,1
DA:16,2
LF:3
LH:3
end_of_record
SF:lib\domain\usecases\get_tv_series_top_rated.dart
DA:9,1
DA:13,1
DA:14,2
LF:3
LH:3
end_of_record
SF:lib\domain\usecases\get_watchlist_movies.dart
DA:9,1
DA:11,1
DA:12,2
LF:3
LH:3
end_of_record
SF:lib\domain\usecases\get_watchlist_status.dart
DA:6,1
DA:8,1
DA:9,2
LF:3
LH:3
end_of_record
SF:lib\domain\usecases\get_watchedlist_tv_series.dart
DA:10,1
DA:12,1
DA:13,2
LF:3
LH:3
end_of_record
SF:lib\domain\usecases\remove_watchlist.dart
DA:9,1
DA:11,1
DA:12,2
LF:3
LH:3
end_of_record
SF:lib\domain\usecases\save_watchlist.dart
DA:9,1
DA:11,1
DA:12,2
LF:3
LH:3
end_of_record
SF:lib\domain\usecases\search_movies.dart
DA:9,1
DA:11,1
DA:12,2
LF:3
LH:3
end_of_record
SF:lib\presentation\bloc\movies\movies_detail_add_watchlist_bloc\movies_detail_add_watchlist_bloc.dart
DA:21,1
DA:24,1
DA:25,2
DA:26,1
DA:27,1
DA:28,1
DA:29,1
DA:35,1
DA:39,2
DA:41,1
DA:42,1
DA:43,3
DA:45,1
DA:46,2
DA:47,1
LF:15
LH:15
end_of_record
SF:lib\presentation\bloc\movies\movies_detail_add_watchlist_bloc\movies_detail_add_watchlist_state.dart
DA:6,5
DA:12,1
DA:13,1
DA:14,1
LF:4
LH:4
end_of_record
SF:lib\presentation\bloc\movies\movies_detail_bloc\movies_detail_bloc.dart
DA:15,1
DA:18,1
DA:19,2
DA:20,1
DA:21,1
DA:22,1
DA:23,1
DA:29,1
DA:33,1
DA:35,2
DA:37,1
DA:38,1
DA:39,3
DA:41,1
DA:42,2
LF:15
LH:15
end_of_record
SF:lib\presentation\bloc\movies\movies_detail_load_watchlist_status_bloc\movies_detail_load_watchlist_status_state.dart
DA:5,5
DA:11,1
DA:12,1
DA:13,1
LF:4
LH:4
end_of_record
SF:lib\presentation\bloc\movies\movies_detail_load_watchlist_status_bloc\movies_detail_load_watchlist_status_bloc.dart
DA:18,1
DA:21,1
DA:23,2
DA:24,1
DA:25,1
DA:26,1
DA:27,1
DA:33,1
DA:37,2
DA:39,2
LF:10
LH:10
end_of_record
SF:lib\presentation\bloc\movies\movies_detail_recommendation_bloc\movies_detail_recommendation_bloc.dart
DA:16,1
DA:19,1
DA:20,2
DA:21,1
DA:22,1
DA:23,1
DA:24,1
DA:30,1
DA:34,1
DA:36,2
DA:38,1
DA:39,1
DA:40,3
DA:42,1
DA:43,2
LF:15
LH:15
end_of_record
SF:lib\presentation\bloc\movies\movies_detail_remove_watchlist_bloc\movies_detail_remove_watchlist_state.dart
DA:6,5
DA:12,1
DA:13,1
DA:14,1
LF:4
LH:4
end_of_record
SF:lib\presentation\bloc\movies\movies_detail_remove_watchlist_bloc\movies_detail_remove_watchlist_bloc.dart
DA:21,1
DA:24,1
DA:25,2
DA:26,1
DA:27,1
DA:28,1
DA:29,1
DA:35,1
DA:39,2
DA:43,1
DA:44,1
DA:45,3
DA:47,1
DA:48,2
DA:49,1
LF:15
LH:15
end_of_record
SF:lib\presentation\bloc\movies\movies_list_now_playing_bloc\movies_list_now_playing_bloc.dart
DA:16,1
DA:19,1
DA:20,2
DA:21,1
DA:22,1
DA:23,1
DA:29,1
DA:32,1
DA:34,2
DA:35,1
DA:36,1
DA:37,3
DA:39,1
DA:40,2
LF:14
LH:14
end_of_record
SF:lib\presentation\bloc\movies\movies_detail_bloc\movie_detail_event.dart
LF:0
LH:0
end_of_record
SF:lib\presentation\bloc\movies\movies_list_popular_bloc\movies_list_popular_bloc.dart
DA:16,1
DA:19,1
DA:20,2
DA:21,1
DA:22,1
DA:23,1
DA:29,1
DA:32,1
DA:34,2
DA:35,1
DA:36,1
DA:37,3
DA:39,1
DA:40,2
LF:14
LH:14
end_of_record
SF:lib\presentation\bloc\movies\movies_list_top_rated_bloc\movies_list_top_rated_bloc.dart
DA:15,1
DA:18,1
DA:19,2
DA:20,1
DA:21,1
DA:22,1
DA:28,1
DA:31,1
DA:33,2
DA:34,1
DA:35,1
DA:36,3
DA:38,1
DA:39,2
LF:14
LH:14
end_of_record
SF:lib\presentation\bloc\movies\movies_popular_bloc\movies_popular_bloc.dart
DA:15,1
DA:18,1
DA:19,2
DA:20,1
DA:21,1
DA:22,1
DA:28,1
DA:31,1
DA:33,2
DA:34,1
DA:35,1
DA:36,3
DA:38,1
DA:39,2
LF:14
LH:14
end_of_record
SF:lib\presentation\bloc\movies\movies_top_rated_bloc\movies_top_rated_bloc.dart
DA:15,1
DA:18,1
DA:19,2
DA:20,1
DA:21,1
DA:22,1
DA:28,1
DA:31,1
DA:33,2
DA:34,1
DA:35,1
DA:36,3
DA:38,1
DA:39,2
LF:14
LH:14
end_of_record
SF:lib\presentation\bloc\movies\watchlist_movies_bloc\watchlist_movies_bloc.dart
DA:15,1
DA:18,1
DA:19,2
DA:20,1
DA:21,1
DA:22,1
DA:28,1
DA:31,1
DA:33,2
DA:34,1
DA:35,1
DA:36,3
DA:38,1
DA:39,2
LF:14
LH:14
end_of_record
SF:lib\presentation\bloc\movies\movies_search_bloc\movies_search_bloc.dart
DA:17,1
DA:20,1
DA:21,1
DA:22,1
DA:23,1
DA:24,1
DA:25,1
DA:27,1
DA:32,1
DA:36,1
DA:40,1
DA:42,2
DA:43,1
DA:44,1
DA:45,3
DA:47,1
DA:48,2
DA:53,1
DA:54,3
LF:19
LH:19
end_of_record
SF:lib\presentation\bloc\tv_series_airing_today_bloc\tv_series_airing_today_bloc.dart
DA:16,1
DA:19,1
DA:21,2
DA:22,1
DA:23,1
DA:24,1
DA:30,1
DA:33,1
DA:35,2
DA:36,1
DA:37,1
DA:38,3
DA:40,1
DA:41,2
LF:14
LH:14
end_of_record
SF:lib\presentation\bloc\tv_series_detail_bloc\tv_series_detail_bloc.dart
DA:14,1
DA:17,1
DA:18,2
DA:19,1
DA:20,1
DA:21,1
DA:22,1
DA:28,1
DA:32,1
DA:34,2
DA:35,1
DA:38,1
DA:39,1
DA:40,3
DA:42,1
DA:43,2
LF:16
LH:16
end_of_record
SF:lib\presentation\bloc\tv_series_detail_load_watchlist_status_bloc\tv_series_detail_load_watchlist_status_bloc.dart
DA:16,1
DA:19,1
DA:21,2
DA:22,1
DA:23,1
DA:24,1
DA:25,1
DA:31,1
DA:35,2
DA:36,1
DA:39,2
LF:11
LH:11
end_of_record
SF:lib\presentation\bloc\tv_series_detail_load_watchlist_status_bloc\tv_series_detail_load_watchlist_status_state.dart
DA:5,5
DA:11,1
DA:12,1
DA:13,1
LF:4
LH:4
end_of_record
SF:lib\presentation\bloc\tv_series_detail_recommendation_bloc\tv_series_detail_recommendation_bloc.dart
DA:15,1
DA:18,1
DA:19,2
DA:20,1
DA:21,1
DA:22,1
DA:23,1
DA:29,1
DA:33,1
DA:36,2
DA:37,1
DA:40,1
DA:41,1
DA:42,3
DA:44,1
DA:45,2
LF:16
LH:16
end_of_record
SF:lib\presentation\bloc\tv_series_detail_remove_watchlist_bloc\tv_series_detail_remove_watchlist_state.dart
DA:6,5
DA:12,1
DA:13,1
DA:14,1
LF:4
LH:4
end_of_record
SF:lib\presentation\bloc\tv_series_detail_remove_watchlist_bloc\tv_series_detail_remove_watchlist_bloc.dart
DA:21,1
DA:24,1
DA:25,2
DA:26,1
DA:27,1
DA:28,1
DA:29,1
DA:35,1
DA:39,2
DA:40,1
DA:43,1
DA:44,1
DA:45,3
DA:47,1
DA:48,2
DA:49,1
LF:16
LH:16
end_of_record
SF:lib\presentation\bloc\tv_series_detail_add_watchlist_bloc\tv_series_detail_add_watchlist_state.dart
DA:6,5
DA:12,1
DA:13,1
DA:14,1
LF:4
LH:4
end_of_record
SF:lib\presentation\bloc\tv_series_detail_add_watchlist_bloc\tv_series_detail_add_watchlist_bloc.dart
DA:21,1
DA:24,1
DA:25,2
DA:26,1
DA:27,1
DA:28,1
DA:29,1
DA:35,1
DA:39,2
DA:40,1
DA:43,1
DA:44,1
DA:45,3
DA:47,1
DA:48,2
DA:49,1
LF:16
LH:16
end_of_record
SF:lib\presentation\bloc\tv_series_list_airing_today_bloc\tv_series_list_airing_today_bloc.dart
DA:16,1
DA:19,1
DA:20,2
DA:21,1
DA:22,1
DA:23,1
DA:29,1
DA:32,1
DA:34,2
DA:35,1
DA:36,1
DA:37,3
DA:39,1
DA:40,2
LF:14
LH:14
end_of_record
SF:lib\presentation\bloc\tv_series_list_popular_bloc\tv_series_list_popular_bloc.dart
DA:14,1
DA:16,1
DA:17,2
DA:18,1
DA:19,1
DA:20,1
DA:26,1
DA:29,1
DA:31,2
DA:32,1
DA:33,1
DA:34,3
DA:36,1
DA:37,2
LF:14
LH:14
end_of_record
SF:lib\presentation\bloc\tv_series_list_top_rated_bloc\tv_series_list_top_rated_bloc.dart
DA:16,1
DA:19,1
DA:20,2
DA:21,1
DA:22,1
DA:23,1
DA:29,1
DA:32,1
DA:34,2
DA:35,1
DA:36,1
DA:37,3
DA:39,1
DA:40,2
LF:14
LH:14
end_of_record
SF:lib\presentation\bloc\tv_series_popular_bloc\tv_series_popular_bloc.dart
DA:15,1
DA:18,1
DA:19,2
DA:20,1
DA:21,1
DA:22,1
DA:28,1
DA:31,1
DA:33,2
DA:34,1
DA:35,1
DA:36,3
DA:38,1
DA:39,2
LF:14
LH:14
end_of_record
SF:lib\presentation\bloc\tv_series_top_rated_bloc\tv_series_top_rated_bloc.dart
DA:15,1
DA:18,1
DA:19,2
DA:20,1
DA:21,1
DA:22,1
DA:28,1
DA:31,1
DA:33,2
DA:34,1
DA:35,1
DA:36,3
DA:38,1
DA:39,2
LF:14
LH:14
end_of_record
SF:lib\presentation\bloc\tv_series_search_bloc\tv_series_search_bloc.dart
DA:19,1
DA:22,1
DA:23,1
DA:24,1
DA:25,1
DA:26,1
DA:27,1
DA:29,1
DA:34,1
DA:38,1
DA:42,1
DA:44,2
DA:45,1
DA:47,1
DA:48,1
DA:49,3
DA:51,1
DA:52,2
DA:57,1
DA:58,3
LF:20
LH:20
end_of_record
SF:lib\presentation\bloc\watchlist_tv_series_bloc\watchlist_tv_series_bloc.dart
DA:15,1
DA:18,1
DA:19,2
DA:20,1
DA:21,1
DA:22,1
DA:28,1
DA:31,1
DA:33,2
DA:34,1
DA:35,1
DA:36,3
DA:38,1
DA:39,2
LF:14
LH:14
end_of_record
SF:lib\presentation\bloc\movies\movies_popular_bloc\movies_popular_event.dart
LF:0
LH:0
end_of_record
SF:lib\presentation\pages\movies\popular_movies_page.dart
DA:10,1
DA:12,1
DA:13,1
DA:17,1
DA:19,1
DA:21,1
DA:22,1
DA:26,3
DA:29,1
DA:31,1
DA:32,1
DA:35,1
DA:37,1
DA:38,1
DA:39,1
DA:40,0
DA:45,1
DA:50,1
DA:51,1
DA:52,1
DA:53,0
DA:54,0
DA:55,0
DA:57,1
DA:60,1
DA:61,1
DA:63,2
LF:27
LH:23
end_of_record
SF:lib\presentation\widgets\movie_card_list.dart
DA:10,0
DA:12,0
DA:14,0
DA:16,0
DA:17,0
DA:18,0
DA:21,0
DA:24,0
DA:26,0
DA:27,0
DA:28,0
DA:34,0
DA:36,0
DA:37,0
DA:38,0
DA:41,0
DA:44,0
DA:45,0
DA:53,0
DA:58,0
DA:60,0
DA:61,0
DA:63,0
DA:66,0
LF:24
LH:0
end_of_record
SF:lib\presentation\bloc\movies\movies_list_top_rated_bloc\movies_list_top_rated_event.dart
LF:0
LH:0
end_of_record
SF:lib\presentation\bloc\movies\movies_list_popular_bloc\movies_list_popular_event.dart
LF:0
LH:0
end_of_record
SF:lib\presentation\bloc\tv_series_list_top_rated_bloc\tv_series_list_top_rated_event.dart
LF:0
LH:0
end_of_record
SF:lib\presentation\bloc\tv_series_list_popular_bloc\tv_series_list_popular_event.dart
LF:0
LH:0
end_of_record
SF:lib\presentation\bloc\tv_series_list_airing_today_bloc\tv_series_list_airing_today_event.dart
LF:0
LH:0
end_of_record
SF:lib\presentation\bloc\movies\movies_list_now_playing_bloc\movies_list_now_playing_event.dart
LF:0
LH:0
end_of_record
SF:lib\presentation\pages\about_page.dart
DA:7,0
DA:9,0
DA:11,0
DA:12,0
DA:13,0
DA:14,0
DA:15,0
DA:16,0
DA:17,0
DA:19,0
DA:20,0
DA:27,0
DA:28,0
DA:40,0
DA:41,0
DA:42,0
LF:16
LH:0
end_of_record
SF:lib\presentation\pages\home_movie_page.dart
DA:18,1
DA:23,1
DA:24,1
DA:30,1
DA:32,1
DA:34,3
DA:37,1
DA:38,1
DA:42,1
DA:43,1
DA:47,1
DA:48,1
DA:53,1
DA:54,1
DA:59,1
DA:60,1
DA:65,1
DA:66,1
DA:70,1
DA:71,1
DA:73,1
DA:74,1
DA:75,1
DA:78,1
DA:80,1
DA:82,1
DA:87,1
DA:89,1
DA:90,1
DA:91,1
DA:92,1
DA:100,1
DA:101,0
DA:103,0
DA:104,0
DA:105,0
DA:108,0
DA:109,0
DA:110,0
DA:111,0
DA:116,0
DA:122,1
DA:123,0
DA:125,0
DA:126,0
DA:127,0
DA:130,0
DA:131,0
DA:132,0
DA:133,0
DA:138,0
DA:145,1
DA:148,0
DA:149,0
DA:152,1
DA:155,0
DA:156,0
DA:159,1
DA:160,0
DA:161,0
DA:169,1
DA:171,1
DA:173,1
DA:175,1
DA:180,1
DA:185,1
DA:186,1
DA:187,1
DA:188,1
DA:192,1
DA:196,1
DA:197,1
DA:201,1
LF:73
LH:49
end_of_record
SF:lib\presentation\widgets\tv_series_list_section.dart
DA:13,1
DA:14,1
DA:17,1
DA:18,1
DA:19,0
DA:20,0
DA:29,12
DA:31,1
DA:33,1
DA:35,1
DA:36,1
DA:38,1
DA:39,1
DA:41,0
DA:46,1
DA:48,1
DA:49,1
DA:50,0
DA:58,1
DA:66,1
DA:67,1
DA:68,1
DA:73,1
DA:82,1
DA:84,0
DA:89,1
DA:91,1
DA:92,1
DA:93,0
DA:101,1
DA:109,1
DA:110,1
DA:111,1
DA:113,3
DA:114,1
DA:115,2
DA:118,1
DA:122,1
DA:128,1
DA:137,1
DA:139,0
DA:144,1
DA:146,1
DA:147,1
DA:148,0
DA:156,1
DA:164,1
DA:165,1
DA:166,1
DA:171,1
DA:186,1
DA:187,1
DA:189,1
DA:190,1
DA:192,1
DA:194,1
DA:212,1
DA:218,1
DA:220,1
DA:222,1
DA:224,1
DA:225,2
DA:226,2
DA:227,1
DA:229,1
DA:231,0
DA:232,0
DA:235,0
DA:238,1
DA:240,1
DA:241,2
DA:242,1
DA:245,0
DA:251,2
LF:74
LH:62
end_of_record
SF:lib\presentation\widgets\movie_list_section.dart
DA:13,1
DA:14,1
DA:17,1
DA:18,1
DA:19,0
DA:20,0
DA:29,12
DA:31,1
DA:33,1
DA:35,1
DA:36,1
DA:38,1
DA:39,1
DA:41,1
DA:43,1
DA:44,1
DA:45,1
DA:46,0
DA:54,1
DA:62,1
DA:63,1
DA:65,1
DA:70,1
DA:79,1
DA:81,0
DA:86,1
DA:87,1
DA:88,1
DA:89,0
DA:97,1
DA:105,1
DA:106,1
DA:107,1
DA:109,2
DA:110,0
DA:111,0
DA:114,1
DA:118,1
DA:124,1
DA:133,1
DA:135,0
DA:136,0
DA:138,1
DA:139,1
DA:140,1
DA:141,0
DA:149,1
DA:157,1
DA:158,1
DA:160,1
DA:165,1
DA:181,1
DA:182,1
DA:184,1
DA:185,1
DA:187,1
DA:189,1
DA:206,1
DA:212,1
DA:214,1
DA:216,1
DA:218,0
DA:219,0
DA:220,0
DA:221,0
DA:223,0
DA:225,0
DA:226,0
DA:229,0
DA:232,0
DA:234,0
DA:235,0
DA:236,0
DA:239,0
DA:245,2
LF:75
LH:52
end_of_record
SF:lib\presentation\bloc\movies\movies_detail_add_watchlist_bloc\movies_detail_add_watchlist_event.dart
LF:0
LH:0
end_of_record
SF:lib\presentation\bloc\movies\movies_detail_load_watchlist_status_bloc\movies_detail_load_watchlist_status_event.dart
LF:0
LH:0
end_of_record
SF:lib\presentation\bloc\movies\movies_detail_recommendation_bloc\movies_detail_recommendation_event.dart
LF:0
LH:0
end_of_record
SF:lib\presentation\bloc\movies\movies_detail_remove_watchlist_bloc\movies_detail_remove_watchlist_event.dart
LF:0
LH:0
end_of_record
SF:lib\presentation\pages\movies\movies_detail_page.dart
DA:21,1
DA:26,1
DA:27,1
DA:31,1
DA:33,1
DA:34,1
DA:39,1
DA:40,1
DA:45,1
DA:46,1
DA:50,1
DA:51,1
DA:52,4
DA:54,4
DA:56,4
DA:59,1
DA:62,1
DA:64,1
DA:65,1
DA:66,1
DA:67,1
DA:68,0
DA:73,0
DA:78,1
DA:79,1
DA:81,1
DA:83,1
DA:84,1
DA:85,0
DA:90,0
DA:95,1
DA:96,1
DA:98,1
DA:100,1
DA:102,1
DA:104,1
DA:105,1
DA:106,1
DA:107,1
DA:108,3
DA:111,1
DA:112,1
DA:114,1
DA:115,1
DA:116,1
DA:121,1
DA:123,1
DA:124,1
DA:125,1
DA:128,1
DA:133,1
DA:135,1
DA:141,1
DA:143,3
DA:147,1
DA:150,1
DA:152,1
DA:153,1
DA:154,1
DA:157,1
DA:162,0
DA:164,0
DA:169,0
DA:171,0
DA:175,0
DA:178,1
DA:179,1
DA:190,0
DA:191,0
DA:197,0
DA:198,0
DA:212,1
DA:218,1
DA:220,3
DA:221,1
DA:222,1
DA:223,1
DA:224,3
DA:226,1
DA:229,0
DA:231,1
DA:233,1
DA:234,1
DA:235,1
DA:245,1
DA:246,1
DA:247,1
DA:249,1
DA:251,1
DA:253,1
DA:254,1
DA:255,2
DA:256,1
DA:258,2
DA:260,1
DA:266,1
DA:272,1
DA:273,1
DA:274,1
DA:275,1
DA:276,1
DA:277,1
DA:281,0
DA:282,0
DA:283,0
DA:288,1
DA:290,1
DA:291,1
DA:299,1
DA:300,3
DA:302,1
DA:303,3
DA:305,1
DA:306,1
DA:307,1
DA:308,3
DA:310,1
DA:316,4
DA:320,1
DA:322,1
DA:324,1
DA:325,2
DA:328,1
DA:330,1
DA:332,1
DA:334,1
DA:336,1
DA:337,2
DA:338,1
DA:340,1
DA:341,0
DA:342,0
DA:345,0
DA:348,1
DA:352,1
DA:354,2
DA:355,1
DA:359,0
DA:366,2
DA:373,1
DA:375,1
DA:390,1
DA:392,1
DA:395,1
DA:398,0
DA:399,0
DA:408,1
DA:410,2
DA:411,3
DA:414,1
DA:418,3
DA:421,1
DA:422,1
DA:423,1
DA:425,1
DA:426,1
DA:428,0
LF:157
LH:133
end_of_record
SF:lib\presentation\bloc\movies\movies_search_bloc\movies_search_event.dart
LF:0
LH:0
end_of_record
SF:lib\presentation\pages\movies\search_movies_page.dart
DA:11,1
DA:13,1
DA:15,1
DA:16,1
DA:19,1
DA:21,1
DA:23,1
DA:24,1
DA:25,0
DA:26,0
DA:31,0
DA:41,1
DA:43,1
DA:45,1
DA:46,1
DA:47,1
DA:48,0
DA:49,0
DA:50,0
DA:55,1
DA:63,1
DA:64,1
DA:66,1
DA:67,1
DA:69,0
DA:70,0
DA:71,0
DA:73,1
DA:77,1
DA:78,1
DA:79,1
LF:31
LH:22
end_of_record
SF:lib\presentation\bloc\movies\movies_top_rated_bloc\movies_top_rated_event.dart
LF:0
LH:0
end_of_record
SF:lib\presentation\pages\movies\top_rated_movies_page.dart
DA:10,1
DA:12,1
DA:13,1
DA:17,1
DA:19,1
DA:21,1
DA:22,1
DA:26,3
DA:29,1
DA:31,1
DA:32,1
DA:35,1
DA:37,1
DA:38,1
DA:39,1
DA:40,0
DA:45,1
DA:50,1
DA:51,1
DA:53,1
DA:54,0
DA:55,0
DA:56,0
DA:58,1
DA:61,1
DA:62,1
DA:64,2
LF:27
LH:23
end_of_record
SF:lib\presentation\bloc\movies\watchlist_movies_bloc\watchlist_movies_event.dart
LF:0
LH:0
end_of_record
SF:lib\presentation\pages\movies\watchlist_movies_page.dart
DA:11,1
DA:13,1
DA:14,1
DA:19,1
DA:21,1
DA:23,1
DA:24,1
DA:28,3
DA:31,1
DA:33,1
DA:34,4
DA:37,0
DA:39,0
DA:40,0
DA:44,0
DA:47,1
DA:49,1
DA:50,1
DA:53,1
DA:55,1
DA:56,1
DA:57,1
DA:58,0
DA:63,1
DA:68,1
DA:69,1
DA:71,1
DA:72,0
DA:73,0
DA:74,0
DA:76,1
DA:79,1
DA:80,1
DA:82,2
DA:92,1
DA:94,2
DA:95,1
LF:37
LH:29
end_of_record
SF:lib\common\utils.dart
DA:8,6
DA:10,0
DA:11,0
DA:12,0
DA:13,0
DA:17,0
DA:18,0
DA:19,0
DA:20,0
DA:21,0
LF:10
LH:1
end_of_record
SF:lib\presentation\bloc\tv_series_airing_today_bloc\tv_series_airing_today_event.dart
LF:0
LH:0
end_of_record
SF:lib\presentation\pages\tv_series\airing_today_tv_series_page.dart
DA:10,1
DA:12,1
DA:14,1
DA:18,1
DA:20,1
DA:22,1
DA:23,1
DA:27,3
DA:30,1
DA:32,1
DA:33,1
DA:36,1
DA:38,1
DA:40,1
DA:41,1
DA:42,0
DA:47,1
DA:52,1
DA:53,1
DA:55,1
DA:56,1
DA:57,1
DA:58,1
DA:60,1
DA:63,1
DA:64,1
DA:66,2
LF:27
LH:26
end_of_record
SF:lib\presentation\widgets\tv_series_card_list.dart
DA:11,5
DA:16,5
DA:18,5
DA:20,5
DA:21,0
DA:22,0
DA:25,0
DA:28,5
DA:30,5
DA:31,5
DA:32,5
DA:38,5
DA:40,5
DA:41,5
DA:42,10
DA:45,5
DA:48,5
DA:49,10
DA:57,5
DA:62,5
DA:64,5
DA:65,15
DA:67,5
DA:70,0
LF:24
LH:20
end_of_record
SF:lib\presentation\bloc\tv_series_popular_bloc\tv_series_popular_event.dart
LF:0
LH:0
end_of_record
SF:lib\presentation\pages\tv_series\popular_tv_series_page.dart
DA:10,1
DA:12,1
DA:13,1
DA:17,1
DA:19,1
DA:21,1
DA:22,1
DA:26,3
DA:29,1
DA:31,1
DA:32,1
DA:35,1
DA:37,1
DA:38,1
DA:39,1
DA:40,0
DA:45,1
DA:50,1
DA:51,1
DA:52,1
DA:53,1
DA:54,1
DA:55,1
DA:57,1
DA:60,1
DA:61,1
DA:63,2
LF:27
LH:26
end_of_record
SF:lib\presentation\bloc\tv_series_search_bloc\tv_series_search_event.dart
LF:0
LH:0
end_of_record
SF:lib\presentation\pages\tv_series\search_tv_series_page.dart
DA:11,1
DA:13,1
DA:15,1
DA:16,1
DA:19,1
DA:21,1
DA:23,1
DA:24,1
DA:25,0
DA:26,0
DA:31,0
DA:41,1
DA:43,1
DA:45,1
DA:46,1
DA:47,1
DA:48,0
DA:49,0
DA:50,0
DA:55,1
DA:63,1
DA:64,1
DA:66,1
DA:67,1
DA:69,1
DA:70,1
DA:71,1
DA:75,1
DA:79,1
DA:80,1
DA:81,1
LF:31
LH:25
end_of_record
SF:lib\presentation\bloc\tv_series_top_rated_bloc\tv_series_top_rated_event.dart
LF:0
LH:0
end_of_record
SF:lib\presentation\pages\tv_series\top_rated_tv_series_page.dart
DA:10,1
DA:12,1
DA:13,1
DA:17,1
DA:19,1
DA:21,1
DA:22,1
DA:26,3
DA:29,1
DA:31,1
DA:32,1
DA:35,1
DA:38,1
DA:39,1
DA:40,1
DA:41,0
DA:46,1
DA:51,1
DA:52,1
DA:54,1
DA:55,1
DA:56,1
DA:57,1
DA:59,1
DA:62,1
DA:63,1
DA:65,2
LF:27
LH:26
end_of_record
SF:lib\presentation\bloc\watchlist_tv_series_bloc\watchlist_tv_series_event.dart
LF:0
LH:0
end_of_record
SF:lib\presentation\pages\tv_series\watchlist_tv_series_page.dart
DA:11,1
DA:13,1
DA:14,1
DA:19,1
DA:21,1
DA:23,1
DA:24,1
DA:28,3
DA:31,1
DA:33,1
DA:34,4
DA:37,0
DA:39,0
DA:40,0
DA:44,0
DA:47,1
DA:49,1
DA:50,1
DA:53,1
DA:56,1
DA:57,1
DA:58,1
DA:59,0
DA:64,1
DA:69,1
DA:70,1
DA:72,1
DA:73,1
DA:74,1
DA:75,1
DA:79,1
DA:82,1
DA:83,1
DA:85,2
DA:95,1
DA:97,2
DA:98,1
LF:37
LH:32
end_of_record
SF:lib\presentation\bloc\tv_series_detail_add_watchlist_bloc\tv_series_detail_add_watchlist_event.dart
LF:0
LH:0
end_of_record
SF:lib\presentation\bloc\tv_series_detail_bloc\tv_series_detail_event.dart
LF:0
LH:0
end_of_record
SF:lib\presentation\bloc\tv_series_detail_load_watchlist_status_bloc\tv_series_detail_load_watchlist_status_event.dart
LF:0
LH:0
end_of_record
SF:lib\presentation\bloc\tv_series_detail_recommendation_bloc\tv_series_detail_recommendation_event.dart
LF:0
LH:0
end_of_record
SF:lib\presentation\bloc\tv_series_detail_remove_watchlist_bloc\tv_series_detail_remove_watchlist_event.dart
LF:0
LH:0
end_of_record
SF:lib\presentation\pages\tv_series\tv_series_detail_page.dart
DA:21,1
DA:26,1
DA:27,1
DA:31,1
DA:33,1
DA:34,1
DA:39,1
DA:40,1
DA:45,1
DA:46,1
DA:50,1
DA:51,1
DA:52,4
DA:54,4
DA:56,4
DA:59,1
DA:62,1
DA:64,1
DA:65,1
DA:66,1
DA:67,1
DA:68,0
DA:73,0
DA:78,1
DA:79,1
DA:81,1
DA:83,1
DA:84,1
DA:85,0
DA:90,0
DA:95,1
DA:96,1
DA:98,1
DA:100,1
DA:102,1
DA:104,1
DA:105,1
DA:106,1
DA:107,1
DA:108,3
DA:111,1
DA:112,1
DA:114,1
DA:115,1
DA:116,1
DA:121,1
DA:123,1
DA:124,1
DA:125,1
DA:128,1
DA:133,1
DA:135,1
DA:141,1
DA:143,3
DA:147,1
DA:150,1
DA:153,1
DA:154,1
DA:155,1
DA:158,1
DA:163,0
DA:165,0
DA:170,0
DA:172,0
DA:176,0
DA:179,1
DA:180,1
DA:191,0
DA:192,0
DA:198,0
DA:199,0
DA:213,1
DA:219,1
DA:221,3
DA:222,1
DA:223,1
DA:224,1
DA:226,3
DA:228,1
DA:231,0
DA:233,1
DA:235,1
DA:236,1
DA:237,1
DA:247,1
DA:248,1
DA:249,1
DA:251,1
DA:253,1
DA:255,1
DA:256,1
DA:257,2
DA:258,1
DA:260,2
DA:262,1
DA:269,1
DA:275,1
DA:276,1
DA:277,1
DA:278,1
DA:279,1
DA:280,1
DA:284,0
DA:286,0
DA:287,0
DA:292,1
DA:294,1
DA:295,1
DA:303,1
DA:304,3
DA:306,2
DA:308,2
DA:310,3
DA:311,0
DA:314,0
DA:319,1
DA:323,1
DA:324,1
DA:325,1
DA:326,3
DA:328,1
DA:334,4
DA:338,1
DA:340,1
DA:342,1
DA:343,2
DA:346,1
DA:348,1
DA:350,1
DA:352,1
DA:354,1
DA:355,2
DA:356,1
DA:358,1
DA:359,0
DA:360,0
DA:363,0
DA:366,1
DA:370,1
DA:372,2
DA:373,1
DA:377,0
DA:384,2
DA:391,1
DA:393,1
DA:408,1
DA:410,1
DA:413,1
DA:416,0
DA:417,0
DA:426,1
DA:428,2
DA:429,3
DA:432,1
DA:436,3
LF:155
LH:130
end_of_record
